2022-02-04 01:39:09.331 WARN  com.zaxxer.hikari.pool.HikariPool                 :787  [32m                  [0;39m HikariPool-1 - Thread starvation or clock leap detected (housekeeper delta=1h57m1s850ms).
2022-02-04 09:34:23.193 WARN  com.zaxxer.hikari.pool.HikariPool                 :787  [32m                  [0;39m HikariPool-1 - Thread starvation or clock leap detected (housekeeper delta=7h54m41s653ms).
2022-02-04 09:49:53.301 WARN  com.zaxxer.hikari.pool.HikariPool                 :779  [32m                  [0;39m HikariPool-1 - Retrograde clock change detected (housekeeper delta=29s55ms), soft-evicting connections from pool.
2022-02-04 11:00:13.911 WARN  com.zaxxer.hikari.pool.HikariPool                 :787  [32m                  [0;39m HikariPool-1 - Thread starvation or clock leap detected (housekeeper delta=13m50s204ms).
2022-02-04 13:16:06.653 WARN  com.zaxxer.hikari.pool.HikariPool                 :787  [32m                  [0;39m HikariPool-1 - Thread starvation or clock leap detected (housekeeper delta=38m22s125ms).
2022-02-04 13:37:15.300 WARN  com.zaxxer.hikari.pool.HikariPool                 :787  [32m                  [0;39m HikariPool-1 - Thread starvation or clock leap detected (housekeeper delta=12m38s521ms).
2022-02-04 14:44:51.644 INFO  o.s.scheduling.concurrent.ThreadPoolTaskExecutor  :218  [32m                  [0;39m Shutting down ExecutorService 'applicationTaskExecutor'
2022-02-04 14:44:51.661 INFO  com.zaxxer.hikari.HikariDataSource                :350  [32m                  [0;39m HikariPool-1 - Shutdown initiated...
2022-02-04 14:44:51.694 INFO  com.zaxxer.hikari.HikariDataSource                :352  [32m                  [0;39m HikariPool-1 - Shutdown completed.
2022-02-04 14:44:51.841 INFO  com.jiacheng.wiki.config.WikiApplication          :55   [32m                  [0;39m Starting WikiApplication using Java 1.8.0_322 on hujiachengdeMacBook-Pro.local with PID 32634 (/Users/nedonion/Desktop/BackEnd/wiki/target/classes started by nedonion in /Users/nedonion/Desktop/BackEnd/wiki)
2022-02-04 14:44:51.885 INFO  com.jiacheng.wiki.config.WikiApplication          :660  [32m                  [0;39m No active profile set, falling back to default profiles: default
2022-02-04 14:44:52.023 INFO  o.s.b.d.env.DevToolsPropertyDefaultsPostProcessor :255  [32m                  [0;39m Devtools property defaults active! Set 'spring.devtools.add-properties' to 'false' to disable
2022-02-04 14:44:52.023 INFO  o.s.b.d.env.DevToolsPropertyDefaultsPostProcessor :255  [32m                  [0;39m For additional web related logging consider setting the 'logging.level.web' property to 'DEBUG'
2022-02-04 14:44:53.340 INFO  com.jiacheng.wiki.config.WikiApplication          :55   [32m                  [0;39m Starting WikiApplication using Java 1.8.0_322 on hujiachengdeMacBook-Pro.local with PID 20534 (/Users/nedonion/Desktop/BackEnd/wiki/target/classes started by nedonion in /Users/nedonion/Desktop/BackEnd/wiki)
2022-02-04 14:44:53.340 INFO  com.jiacheng.wiki.config.WikiApplication          :660  [32m                  [0;39m No active profile set, falling back to default profiles: default
2022-02-04 14:44:53.658 INFO  o.s.boot.web.embedded.tomcat.TomcatWebServer      :108  [32m                  [0;39m Tomcat initialized with port(s): 8880 (http)
2022-02-04 14:44:53.672 INFO  org.apache.coyote.http11.Http11NioProtocol        :173  [32m                  [0;39m Initializing ProtocolHandler ["http-nio-8880"]
2022-02-04 14:44:53.672 INFO  org.apache.catalina.core.StandardService          :173  [32m                  [0;39m Starting service [Tomcat]
2022-02-04 14:44:53.673 INFO  org.apache.catalina.core.StandardEngine           :173  [32m                  [0;39m Starting Servlet engine: [Apache Tomcat/9.0.39]
2022-02-04 14:44:53.744 INFO  o.a.c.core.ContainerBase.[Tomcat].[localhost].[/] :173  [32m                  [0;39m Initializing Spring embedded WebApplicationContext
2022-02-04 14:44:53.744 INFO  o.s.b.w.s.c.ServletWebServerApplicationContext    :289  [32m                  [0;39m Root WebApplicationContext: initialization completed in 1719 ms
2022-02-04 14:44:53.745 INFO  o.s.boot.web.embedded.tomcat.TomcatWebServer      :108  [32m                  [0;39m Tomcat initialized with port(s): 8880 (http)
2022-02-04 14:44:53.745 INFO  org.apache.coyote.http11.Http11NioProtocol        :173  [32m                  [0;39m Initializing ProtocolHandler ["http-nio-8880"]
2022-02-04 14:44:53.746 INFO  org.apache.catalina.core.StandardService          :173  [32m                  [0;39m Starting service [Tomcat]
2022-02-04 14:44:53.746 INFO  org.apache.catalina.core.StandardEngine           :173  [32m                  [0;39m Starting Servlet engine: [Apache Tomcat/9.0.39]
2022-02-04 14:44:53.757 INFO  o.a.c.core.ContainerBase.[Tomcat].[localhost].[/] :173  [32m                  [0;39m Initializing Spring embedded WebApplicationContext
2022-02-04 14:44:53.758 INFO  o.s.b.w.s.c.ServletWebServerApplicationContext    :289  [32m                  [0;39m Root WebApplicationContext: initialization completed in 412 ms
2022-02-04 14:44:53.950 INFO  o.s.scheduling.concurrent.ThreadPoolTaskExecutor  :181  [32m                  [0;39m Initializing ExecutorService 'applicationTaskExecutor'
2022-02-04 14:44:54.109 INFO  o.s.b.d.autoconfigure.OptionalLiveReloadServer    :58   [32m                  [0;39m LiveReload server is running on port 35729
2022-02-04 14:44:54.124 INFO  org.apache.coyote.http11.Http11NioProtocol        :173  [32m                  [0;39m Starting ProtocolHandler ["http-nio-8880"]
2022-02-04 14:44:54.126 INFO  o.s.boot.web.embedded.tomcat.TomcatWebServer      :220  [32m                  [0;39m Tomcat started on port(s): 8880 (http) with context path ''
2022-02-04 14:44:54.130 INFO  com.jiacheng.wiki.config.WikiApplication          :61   [32m                  [0;39m Started WikiApplication in 0.867 seconds (JVM running for 20007.546)
2022-02-04 14:44:54.132 INFO  o.s.b.d.a.ConditionEvaluationDeltaLoggingListener :63   [32m                  [0;39m Condition evaluation unchanged
2022-02-04 14:44:54.133 INFO  com.jiacheng.wiki.config.WikiApplication          :23   [32m                  [0;39m 启动成功！！
2022-02-04 14:44:54.133 INFO  com.jiacheng.wiki.config.WikiApplication          :24   [32m                  [0;39m 地址: 	http://127.0.0.1:8880
2022-02-04 14:44:54.492 INFO  o.s.scheduling.concurrent.ThreadPoolTaskExecutor  :181  [32m                  [0;39m Initializing ExecutorService 'applicationTaskExecutor'
2022-02-04 14:44:54.889 WARN  o.s.b.d.autoconfigure.OptionalLiveReloadServer    :61   [32m                  [0;39m Unable to start LiveReload server
2022-02-04 14:44:54.917 INFO  org.apache.coyote.http11.Http11NioProtocol        :173  [32m                  [0;39m Starting ProtocolHandler ["http-nio-8880"]
2022-02-04 14:44:54.973 WARN  o.s.b.w.s.c.AnnotationConfigServletWebServerApplicationContext:596  [32m                  [0;39m Exception encountered during context initialization - cancelling refresh attempt: org.springframework.context.ApplicationContextException: Failed to start bean 'webServerStartStop'; nested exception is org.springframework.boot.web.server.PortInUseException: Port 8880 is already in use
2022-02-04 14:44:54.977 INFO  o.s.scheduling.concurrent.ThreadPoolTaskExecutor  :218  [32m                  [0;39m Shutting down ExecutorService 'applicationTaskExecutor'
2022-02-04 14:44:54.981 INFO  org.apache.coyote.http11.Http11NioProtocol        :173  [32m                  [0;39m Pausing ProtocolHandler ["http-nio-8880"]
2022-02-04 14:44:54.982 INFO  org.apache.catalina.core.StandardService          :173  [32m                  [0;39m Stopping service [Tomcat]
2022-02-04 14:44:54.988 INFO  org.apache.coyote.http11.Http11NioProtocol        :173  [32m                  [0;39m Stopping ProtocolHandler ["http-nio-8880"]
2022-02-04 14:44:54.989 INFO  org.apache.coyote.http11.Http11NioProtocol        :173  [32m                  [0;39m Destroying ProtocolHandler ["http-nio-8880"]
2022-02-04 14:44:55.003 INFO  o.s.b.a.l.ConditionEvaluationReportLoggingListener:136  [32m                  [0;39m 

Error starting ApplicationContext. To display the conditions report re-run your application with 'debug' enabled.
2022-02-04 14:44:55.031 ERROR o.s.b.diagnostics.LoggingFailureAnalysisReporter  :40   [32m                  [0;39m 

***************************
APPLICATION FAILED TO START
***************************

Description:

Web server failed to start. Port 8880 was already in use.

Action:

Identify and stop the process that's listening on port 8880 or configure this application to listen on another port.

2022-02-04 14:46:48.932 INFO  com.jiacheng.wiki.config.WikiApplication          :55   [32m                  [0;39m Starting WikiApplication using Java 1.8.0_322 on hujiachengdeMacBook-Pro.local with PID 32715 (/Users/nedonion/Desktop/BackEnd/wiki/target/classes started by nedonion in /Users/nedonion/Desktop/BackEnd/wiki)
2022-02-04 14:46:48.935 INFO  com.jiacheng.wiki.config.WikiApplication          :660  [32m                  [0;39m No active profile set, falling back to default profiles: default
2022-02-04 14:46:49.100 INFO  o.s.b.d.env.DevToolsPropertyDefaultsPostProcessor :255  [32m                  [0;39m Devtools property defaults active! Set 'spring.devtools.add-properties' to 'false' to disable
2022-02-04 14:46:49.100 INFO  o.s.b.d.env.DevToolsPropertyDefaultsPostProcessor :255  [32m                  [0;39m For additional web related logging consider setting the 'logging.level.web' property to 'DEBUG'
2022-02-04 14:46:50.642 INFO  o.s.boot.web.embedded.tomcat.TomcatWebServer      :108  [32m                  [0;39m Tomcat initialized with port(s): 8880 (http)
2022-02-04 14:46:50.655 INFO  org.apache.coyote.http11.Http11NioProtocol        :173  [32m                  [0;39m Initializing ProtocolHandler ["http-nio-8880"]
2022-02-04 14:46:50.656 INFO  org.apache.catalina.core.StandardService          :173  [32m                  [0;39m Starting service [Tomcat]
2022-02-04 14:46:50.657 INFO  org.apache.catalina.core.StandardEngine           :173  [32m                  [0;39m Starting Servlet engine: [Apache Tomcat/9.0.39]
2022-02-04 14:46:50.713 INFO  o.a.c.core.ContainerBase.[Tomcat].[localhost].[/] :173  [32m                  [0;39m Initializing Spring embedded WebApplicationContext
2022-02-04 14:46:50.714 INFO  o.s.b.w.s.c.ServletWebServerApplicationContext    :289  [32m                  [0;39m Root WebApplicationContext: initialization completed in 1612 ms
2022-02-04 14:46:51.122 INFO  o.s.scheduling.concurrent.ThreadPoolTaskExecutor  :181  [32m                  [0;39m Initializing ExecutorService 'applicationTaskExecutor'
2022-02-04 14:46:51.343 WARN  o.s.b.d.autoconfigure.OptionalLiveReloadServer    :61   [32m                  [0;39m Unable to start LiveReload server
2022-02-04 14:46:51.360 INFO  org.apache.coyote.http11.Http11NioProtocol        :173  [32m                  [0;39m Starting ProtocolHandler ["http-nio-8880"]
2022-02-04 14:46:51.376 WARN  o.s.b.w.s.c.AnnotationConfigServletWebServerApplicationContext:596  [32m                  [0;39m Exception encountered during context initialization - cancelling refresh attempt: org.springframework.context.ApplicationContextException: Failed to start bean 'webServerStartStop'; nested exception is org.springframework.boot.web.server.PortInUseException: Port 8880 is already in use
2022-02-04 14:46:51.379 INFO  o.s.scheduling.concurrent.ThreadPoolTaskExecutor  :218  [32m                  [0;39m Shutting down ExecutorService 'applicationTaskExecutor'
2022-02-04 14:46:51.382 INFO  org.apache.coyote.http11.Http11NioProtocol        :173  [32m                  [0;39m Pausing ProtocolHandler ["http-nio-8880"]
2022-02-04 14:46:51.382 INFO  org.apache.catalina.core.StandardService          :173  [32m                  [0;39m Stopping service [Tomcat]
2022-02-04 14:46:51.386 INFO  org.apache.coyote.http11.Http11NioProtocol        :173  [32m                  [0;39m Stopping ProtocolHandler ["http-nio-8880"]
2022-02-04 14:46:51.387 INFO  org.apache.coyote.http11.Http11NioProtocol        :173  [32m                  [0;39m Destroying ProtocolHandler ["http-nio-8880"]
2022-02-04 14:46:51.394 INFO  o.s.b.a.l.ConditionEvaluationReportLoggingListener:136  [32m                  [0;39m 

Error starting ApplicationContext. To display the conditions report re-run your application with 'debug' enabled.
2022-02-04 14:46:51.408 ERROR o.s.b.diagnostics.LoggingFailureAnalysisReporter  :40   [32m                  [0;39m 

***************************
APPLICATION FAILED TO START
***************************

Description:

Web server failed to start. Port 8880 was already in use.

Action:

Identify and stop the process that's listening on port 8880 or configure this application to listen on another port.

2022-02-04 14:47:09.926 INFO  com.jiacheng.wiki.config.WikiApplication          :55   [32m                  [0;39m Starting WikiApplication using Java 1.8.0_322 on hujiachengdeMacBook-Pro.local with PID 32730 (/Users/nedonion/Desktop/BackEnd/wiki/target/classes started by nedonion in /Users/nedonion/Desktop/BackEnd/wiki)
2022-02-04 14:47:09.930 INFO  com.jiacheng.wiki.config.WikiApplication          :660  [32m                  [0;39m No active profile set, falling back to default profiles: default
2022-02-04 14:47:10.001 INFO  o.s.b.d.env.DevToolsPropertyDefaultsPostProcessor :255  [32m                  [0;39m Devtools property defaults active! Set 'spring.devtools.add-properties' to 'false' to disable
2022-02-04 14:47:10.002 INFO  o.s.b.d.env.DevToolsPropertyDefaultsPostProcessor :255  [32m                  [0;39m For additional web related logging consider setting the 'logging.level.web' property to 'DEBUG'
2022-02-04 14:47:10.061 INFO  o.s.scheduling.concurrent.ThreadPoolTaskExecutor  :218  [32m                  [0;39m Shutting down ExecutorService 'applicationTaskExecutor'
2022-02-04 14:47:10.353 INFO  com.jiacheng.wiki.config.WikiApplication          :55   [32m                  [0;39m Starting WikiApplication using Java 1.8.0_322 on hujiachengdeMacBook-Pro.local with PID 20534 (/Users/nedonion/Desktop/BackEnd/wiki/target/classes started by nedonion in /Users/nedonion/Desktop/BackEnd/wiki)
2022-02-04 14:47:10.353 INFO  com.jiacheng.wiki.config.WikiApplication          :660  [32m                  [0;39m No active profile set, falling back to default profiles: default
2022-02-04 14:47:10.734 INFO  o.s.boot.web.embedded.tomcat.TomcatWebServer      :108  [32m                  [0;39m Tomcat initialized with port(s): 8881 (http)
2022-02-04 14:47:10.735 INFO  org.apache.coyote.http11.Http11NioProtocol        :173  [32m                  [0;39m Initializing ProtocolHandler ["http-nio-8881"]
2022-02-04 14:47:10.736 INFO  org.apache.catalina.core.StandardService          :173  [32m                  [0;39m Starting service [Tomcat]
2022-02-04 14:47:10.737 INFO  org.apache.catalina.core.StandardEngine           :173  [32m                  [0;39m Starting Servlet engine: [Apache Tomcat/9.0.39]
2022-02-04 14:47:10.763 INFO  o.a.c.core.ContainerBase.[Tomcat].[localhost].[/] :173  [32m                  [0;39m Initializing Spring embedded WebApplicationContext
2022-02-04 14:47:10.763 INFO  o.s.b.w.s.c.ServletWebServerApplicationContext    :289  [32m                  [0;39m Root WebApplicationContext: initialization completed in 405 ms
2022-02-04 14:47:10.970 INFO  o.s.scheduling.concurrent.ThreadPoolTaskExecutor  :181  [32m                  [0;39m Initializing ExecutorService 'applicationTaskExecutor'
2022-02-04 14:47:11.069 INFO  o.s.b.d.autoconfigure.OptionalLiveReloadServer    :58   [32m                  [0;39m LiveReload server is running on port 35729
2022-02-04 14:47:11.083 INFO  org.apache.coyote.http11.Http11NioProtocol        :173  [32m                  [0;39m Starting ProtocolHandler ["http-nio-8881"]
2022-02-04 14:47:11.086 INFO  o.s.boot.web.embedded.tomcat.TomcatWebServer      :220  [32m                  [0;39m Tomcat started on port(s): 8881 (http) with context path ''
2022-02-04 14:47:11.092 INFO  com.jiacheng.wiki.config.WikiApplication          :61   [32m                  [0;39m Started WikiApplication in 0.787 seconds (JVM running for 20144.506)
2022-02-04 14:47:11.094 INFO  o.s.b.d.a.ConditionEvaluationDeltaLoggingListener :63   [32m                  [0;39m Condition evaluation unchanged
2022-02-04 14:47:11.095 INFO  com.jiacheng.wiki.config.WikiApplication          :23   [32m                  [0;39m 启动成功！！
2022-02-04 14:47:11.097 INFO  com.jiacheng.wiki.config.WikiApplication          :24   [32m                  [0;39m 地址: 	http://127.0.0.1:8881
2022-02-04 14:47:11.415 INFO  o.s.boot.web.embedded.tomcat.TomcatWebServer      :108  [32m                  [0;39m Tomcat initialized with port(s): 8881 (http)
2022-02-04 14:47:11.422 INFO  org.apache.coyote.http11.Http11NioProtocol        :173  [32m                  [0;39m Initializing ProtocolHandler ["http-nio-8881"]
2022-02-04 14:47:11.422 INFO  org.apache.catalina.core.StandardService          :173  [32m                  [0;39m Starting service [Tomcat]
2022-02-04 14:47:11.423 INFO  org.apache.catalina.core.StandardEngine           :173  [32m                  [0;39m Starting Servlet engine: [Apache Tomcat/9.0.39]
2022-02-04 14:47:11.470 INFO  o.a.c.core.ContainerBase.[Tomcat].[localhost].[/] :173  [32m                  [0;39m Initializing Spring embedded WebApplicationContext
2022-02-04 14:47:11.470 INFO  o.s.b.w.s.c.ServletWebServerApplicationContext    :289  [32m                  [0;39m Root WebApplicationContext: initialization completed in 1459 ms
2022-02-04 14:47:11.910 INFO  o.s.scheduling.concurrent.ThreadPoolTaskExecutor  :181  [32m                  [0;39m Initializing ExecutorService 'applicationTaskExecutor'
2022-02-04 14:47:12.096 WARN  o.s.b.d.autoconfigure.OptionalLiveReloadServer    :61   [32m                  [0;39m Unable to start LiveReload server
2022-02-04 14:47:12.111 INFO  org.apache.coyote.http11.Http11NioProtocol        :173  [32m                  [0;39m Starting ProtocolHandler ["http-nio-8881"]
2022-02-04 14:47:12.129 WARN  o.s.b.w.s.c.AnnotationConfigServletWebServerApplicationContext:596  [32m                  [0;39m Exception encountered during context initialization - cancelling refresh attempt: org.springframework.context.ApplicationContextException: Failed to start bean 'webServerStartStop'; nested exception is org.springframework.boot.web.server.PortInUseException: Port 8881 is already in use
2022-02-04 14:47:12.132 INFO  o.s.scheduling.concurrent.ThreadPoolTaskExecutor  :218  [32m                  [0;39m Shutting down ExecutorService 'applicationTaskExecutor'
2022-02-04 14:47:12.134 INFO  org.apache.coyote.http11.Http11NioProtocol        :173  [32m                  [0;39m Pausing ProtocolHandler ["http-nio-8881"]
2022-02-04 14:47:12.134 INFO  org.apache.catalina.core.StandardService          :173  [32m                  [0;39m Stopping service [Tomcat]
2022-02-04 14:47:12.137 INFO  org.apache.coyote.http11.Http11NioProtocol        :173  [32m                  [0;39m Stopping ProtocolHandler ["http-nio-8881"]
2022-02-04 14:47:12.138 INFO  org.apache.coyote.http11.Http11NioProtocol        :173  [32m                  [0;39m Destroying ProtocolHandler ["http-nio-8881"]
2022-02-04 14:47:12.144 INFO  o.s.b.a.l.ConditionEvaluationReportLoggingListener:136  [32m                  [0;39m 

Error starting ApplicationContext. To display the conditions report re-run your application with 'debug' enabled.
2022-02-04 14:47:12.156 ERROR o.s.b.diagnostics.LoggingFailureAnalysisReporter  :40   [32m                  [0;39m 

***************************
APPLICATION FAILED TO START
***************************

Description:

Web server failed to start. Port 8881 was already in use.

Action:

Identify and stop the process that's listening on port 8881 or configure this application to listen on another port.

2022-02-04 14:55:17.377 INFO  o.s.scheduling.concurrent.ThreadPoolTaskExecutor  :218  [32m                  [0;39m Shutting down ExecutorService 'applicationTaskExecutor'
2022-02-04 14:55:17.709 INFO  com.jiacheng.wiki.config.WikiApplication          :55   [32m                  [0;39m Starting WikiApplication using Java 1.8.0_322 on hujiachengdeMacBook-Pro.local with PID 20534 (/Users/nedonion/Desktop/BackEnd/wiki/target/classes started by nedonion in /Users/nedonion/Desktop/BackEnd/wiki)
2022-02-04 14:55:17.709 INFO  com.jiacheng.wiki.config.WikiApplication          :660  [32m                  [0;39m No active profile set, falling back to default profiles: default
2022-02-04 14:55:17.937 INFO  o.s.boot.web.embedded.tomcat.TomcatWebServer      :108  [32m                  [0;39m Tomcat initialized with port(s): 8880 (http)
2022-02-04 14:55:17.938 INFO  org.apache.coyote.http11.Http11NioProtocol        :173  [32m                  [0;39m Initializing ProtocolHandler ["http-nio-8880"]
2022-02-04 14:55:17.938 INFO  org.apache.catalina.core.StandardService          :173  [32m                  [0;39m Starting service [Tomcat]
2022-02-04 14:55:17.939 INFO  org.apache.catalina.core.StandardEngine           :173  [32m                  [0;39m Starting Servlet engine: [Apache Tomcat/9.0.39]
2022-02-04 14:55:17.945 INFO  o.a.c.core.ContainerBase.[Tomcat].[localhost].[/] :173  [32m                  [0;39m Initializing Spring embedded WebApplicationContext
2022-02-04 14:55:17.945 INFO  o.s.b.w.s.c.ServletWebServerApplicationContext    :289  [32m                  [0;39m Root WebApplicationContext: initialization completed in 232 ms
2022-02-04 14:55:18.047 INFO  o.s.scheduling.concurrent.ThreadPoolTaskExecutor  :181  [32m                  [0;39m Initializing ExecutorService 'applicationTaskExecutor'
2022-02-04 14:55:18.126 INFO  o.s.b.d.autoconfigure.OptionalLiveReloadServer    :58   [32m                  [0;39m LiveReload server is running on port 35729
2022-02-04 14:55:18.138 INFO  org.apache.coyote.http11.Http11NioProtocol        :173  [32m                  [0;39m Starting ProtocolHandler ["http-nio-8880"]
2022-02-04 14:55:18.140 INFO  o.s.boot.web.embedded.tomcat.TomcatWebServer      :220  [32m                  [0;39m Tomcat started on port(s): 8880 (http) with context path ''
2022-02-04 14:55:18.149 INFO  com.jiacheng.wiki.config.WikiApplication          :61   [32m                  [0;39m Started WikiApplication in 0.475 seconds (JVM running for 20631.54)
2022-02-04 14:55:18.152 INFO  o.s.b.d.a.ConditionEvaluationDeltaLoggingListener :63   [32m                  [0;39m Condition evaluation unchanged
2022-02-04 14:55:18.152 INFO  com.jiacheng.wiki.config.WikiApplication          :23   [32m                  [0;39m 启动成功！！
2022-02-04 14:55:18.153 INFO  com.jiacheng.wiki.config.WikiApplication          :24   [32m                  [0;39m 地址: 	http://127.0.0.1:8880
2022-02-04 14:55:28.637 INFO  com.jiacheng.wiki.config.WikiApplication          :55   [32m                  [0;39m Starting WikiApplication using Java 1.8.0_322 on hujiachengdeMacBook-Pro.local with PID 32967 (/Users/nedonion/Desktop/BackEnd/wiki/target/classes started by nedonion in /Users/nedonion/Desktop/BackEnd/wiki)
2022-02-04 14:55:28.640 INFO  com.jiacheng.wiki.config.WikiApplication          :660  [32m                  [0;39m No active profile set, falling back to default profiles: default
2022-02-04 14:55:28.697 INFO  o.s.scheduling.concurrent.ThreadPoolTaskExecutor  :218  [32m                  [0;39m Shutting down ExecutorService 'applicationTaskExecutor'
2022-02-04 14:55:28.698 INFO  o.s.b.d.env.DevToolsPropertyDefaultsPostProcessor :255  [32m                  [0;39m Devtools property defaults active! Set 'spring.devtools.add-properties' to 'false' to disable
2022-02-04 14:55:28.698 INFO  o.s.b.d.env.DevToolsPropertyDefaultsPostProcessor :255  [32m                  [0;39m For additional web related logging consider setting the 'logging.level.web' property to 'DEBUG'
2022-02-04 14:55:28.899 INFO  com.jiacheng.wiki.config.WikiApplication          :55   [32m                  [0;39m Starting WikiApplication using Java 1.8.0_322 on hujiachengdeMacBook-Pro.local with PID 20534 (/Users/nedonion/Desktop/BackEnd/wiki/target/classes started by nedonion in /Users/nedonion/Desktop/BackEnd/wiki)
2022-02-04 14:55:28.900 INFO  com.jiacheng.wiki.config.WikiApplication          :660  [32m                  [0;39m No active profile set, falling back to default profiles: default
2022-02-04 14:55:29.106 INFO  o.s.boot.web.embedded.tomcat.TomcatWebServer      :108  [32m                  [0;39m Tomcat initialized with port(s): 8880 (http)
2022-02-04 14:55:29.107 INFO  org.apache.coyote.http11.Http11NioProtocol        :173  [32m                  [0;39m Initializing ProtocolHandler ["http-nio-8880"]
2022-02-04 14:55:29.108 INFO  org.apache.catalina.core.StandardService          :173  [32m                  [0;39m Starting service [Tomcat]
2022-02-04 14:55:29.108 INFO  org.apache.catalina.core.StandardEngine           :173  [32m                  [0;39m Starting Servlet engine: [Apache Tomcat/9.0.39]
2022-02-04 14:55:29.124 INFO  o.a.c.core.ContainerBase.[Tomcat].[localhost].[/] :173  [32m                  [0;39m Initializing Spring embedded WebApplicationContext
2022-02-04 14:55:29.124 INFO  o.s.b.w.s.c.ServletWebServerApplicationContext    :289  [32m                  [0;39m Root WebApplicationContext: initialization completed in 221 ms
2022-02-04 14:55:29.217 INFO  o.s.scheduling.concurrent.ThreadPoolTaskExecutor  :181  [32m                  [0;39m Initializing ExecutorService 'applicationTaskExecutor'
2022-02-04 14:55:29.259 INFO  o.s.b.d.autoconfigure.OptionalLiveReloadServer    :58   [32m                  [0;39m LiveReload server is running on port 35729
2022-02-04 14:55:29.267 INFO  org.apache.coyote.http11.Http11NioProtocol        :173  [32m                  [0;39m Starting ProtocolHandler ["http-nio-8880"]
2022-02-04 14:55:29.269 INFO  o.s.boot.web.embedded.tomcat.TomcatWebServer      :220  [32m                  [0;39m Tomcat started on port(s): 8880 (http) with context path ''
2022-02-04 14:55:29.272 INFO  com.jiacheng.wiki.config.WikiApplication          :61   [32m                  [0;39m Started WikiApplication in 0.399 seconds (JVM running for 20642.663)
2022-02-04 14:55:29.273 INFO  o.s.b.d.a.ConditionEvaluationDeltaLoggingListener :63   [32m                  [0;39m Condition evaluation unchanged
2022-02-04 14:55:29.274 INFO  com.jiacheng.wiki.config.WikiApplication          :23   [32m                  [0;39m 启动成功！！
2022-02-04 14:55:29.274 INFO  com.jiacheng.wiki.config.WikiApplication          :24   [32m                  [0;39m 地址: 	http://127.0.0.1:8880
2022-02-04 14:55:29.637 INFO  o.s.boot.web.embedded.tomcat.TomcatWebServer      :108  [32m                  [0;39m Tomcat initialized with port(s): 8880 (http)
2022-02-04 14:55:29.643 INFO  org.apache.coyote.http11.Http11NioProtocol        :173  [32m                  [0;39m Initializing ProtocolHandler ["http-nio-8880"]
2022-02-04 14:55:29.643 INFO  org.apache.catalina.core.StandardService          :173  [32m                  [0;39m Starting service [Tomcat]
2022-02-04 14:55:29.643 INFO  org.apache.catalina.core.StandardEngine           :173  [32m                  [0;39m Starting Servlet engine: [Apache Tomcat/9.0.39]
2022-02-04 14:55:29.678 INFO  o.a.c.core.ContainerBase.[Tomcat].[localhost].[/] :173  [32m                  [0;39m Initializing Spring embedded WebApplicationContext
2022-02-04 14:55:29.678 INFO  o.s.b.w.s.c.ServletWebServerApplicationContext    :289  [32m                  [0;39m Root WebApplicationContext: initialization completed in 979 ms
2022-02-04 14:55:29.975 INFO  o.s.scheduling.concurrent.ThreadPoolTaskExecutor  :181  [32m                  [0;39m Initializing ExecutorService 'applicationTaskExecutor'
2022-02-04 14:55:30.137 WARN  o.s.b.d.autoconfigure.OptionalLiveReloadServer    :61   [32m                  [0;39m Unable to start LiveReload server
2022-02-04 14:55:30.150 INFO  org.apache.coyote.http11.Http11NioProtocol        :173  [32m                  [0;39m Starting ProtocolHandler ["http-nio-8880"]
2022-02-04 14:55:30.163 WARN  o.s.b.w.s.c.AnnotationConfigServletWebServerApplicationContext:596  [32m                  [0;39m Exception encountered during context initialization - cancelling refresh attempt: org.springframework.context.ApplicationContextException: Failed to start bean 'webServerStartStop'; nested exception is org.springframework.boot.web.server.PortInUseException: Port 8880 is already in use
2022-02-04 14:55:30.164 INFO  o.s.scheduling.concurrent.ThreadPoolTaskExecutor  :218  [32m                  [0;39m Shutting down ExecutorService 'applicationTaskExecutor'
2022-02-04 14:55:30.166 INFO  org.apache.coyote.http11.Http11NioProtocol        :173  [32m                  [0;39m Pausing ProtocolHandler ["http-nio-8880"]
2022-02-04 14:55:30.167 INFO  org.apache.catalina.core.StandardService          :173  [32m                  [0;39m Stopping service [Tomcat]
2022-02-04 14:55:30.169 INFO  org.apache.coyote.http11.Http11NioProtocol        :173  [32m                  [0;39m Stopping ProtocolHandler ["http-nio-8880"]
2022-02-04 14:55:30.170 INFO  org.apache.coyote.http11.Http11NioProtocol        :173  [32m                  [0;39m Destroying ProtocolHandler ["http-nio-8880"]
2022-02-04 14:55:30.175 INFO  o.s.b.a.l.ConditionEvaluationReportLoggingListener:136  [32m                  [0;39m 

Error starting ApplicationContext. To display the conditions report re-run your application with 'debug' enabled.
2022-02-04 14:55:30.188 ERROR o.s.b.diagnostics.LoggingFailureAnalysisReporter  :40   [32m                  [0;39m 

***************************
APPLICATION FAILED TO START
***************************

Description:

Web server failed to start. Port 8880 was already in use.

Action:

Identify and stop the process that's listening on port 8880 or configure this application to listen on another port.

2022-02-04 14:55:46.882 INFO  o.s.scheduling.concurrent.ThreadPoolTaskExecutor  :218  [32m                  [0;39m Shutting down ExecutorService 'applicationTaskExecutor'
2022-02-04 14:55:46.973 INFO  com.jiacheng.wiki.config.WikiApplication          :55   [32m                  [0;39m Starting WikiApplication using Java 1.8.0_322 on hujiachengdeMacBook-Pro.local with PID 20534 (/Users/nedonion/Desktop/BackEnd/wiki/target/classes started by nedonion in /Users/nedonion/Desktop/BackEnd/wiki)
2022-02-04 14:55:46.973 INFO  com.jiacheng.wiki.config.WikiApplication          :660  [32m                  [0;39m No active profile set, falling back to default profiles: default
2022-02-04 14:55:47.126 INFO  o.s.boot.web.embedded.tomcat.TomcatWebServer      :108  [32m                  [0;39m Tomcat initialized with port(s): 8090 (http)
2022-02-04 14:55:47.127 INFO  org.apache.coyote.http11.Http11NioProtocol        :173  [32m                  [0;39m Initializing ProtocolHandler ["http-nio-8090"]
2022-02-04 14:55:47.127 INFO  org.apache.catalina.core.StandardService          :173  [32m                  [0;39m Starting service [Tomcat]
2022-02-04 14:55:47.127 INFO  org.apache.catalina.core.StandardEngine           :173  [32m                  [0;39m Starting Servlet engine: [Apache Tomcat/9.0.39]
2022-02-04 14:55:47.133 INFO  o.a.c.core.ContainerBase.[Tomcat].[localhost].[/] :173  [32m                  [0;39m Initializing Spring embedded WebApplicationContext
2022-02-04 14:55:47.133 INFO  o.s.b.w.s.c.ServletWebServerApplicationContext    :289  [32m                  [0;39m Root WebApplicationContext: initialization completed in 158 ms
2022-02-04 14:55:47.230 INFO  o.s.scheduling.concurrent.ThreadPoolTaskExecutor  :181  [32m                  [0;39m Initializing ExecutorService 'applicationTaskExecutor'
2022-02-04 14:55:47.275 INFO  o.s.b.d.autoconfigure.OptionalLiveReloadServer    :58   [32m                  [0;39m LiveReload server is running on port 35729
2022-02-04 14:55:47.282 INFO  org.apache.coyote.http11.Http11NioProtocol        :173  [32m                  [0;39m Starting ProtocolHandler ["http-nio-8090"]
2022-02-04 14:55:47.284 INFO  o.s.boot.web.embedded.tomcat.TomcatWebServer      :220  [32m                  [0;39m Tomcat started on port(s): 8090 (http) with context path ''
2022-02-04 14:55:47.287 INFO  com.jiacheng.wiki.config.WikiApplication          :61   [32m                  [0;39m Started WikiApplication in 0.335 seconds (JVM running for 20660.677)
2022-02-04 14:55:47.288 INFO  o.s.b.d.a.ConditionEvaluationDeltaLoggingListener :63   [32m                  [0;39m Condition evaluation unchanged
2022-02-04 14:55:47.289 INFO  com.jiacheng.wiki.config.WikiApplication          :23   [32m                  [0;39m 启动成功！！
2022-02-04 14:55:47.289 INFO  com.jiacheng.wiki.config.WikiApplication          :24   [32m                  [0;39m 地址: 	http://127.0.0.1:8090
2022-02-04 14:55:47.354 INFO  com.jiacheng.wiki.config.WikiApplication          :55   [32m                  [0;39m Starting WikiApplication using Java 1.8.0_322 on hujiachengdeMacBook-Pro.local with PID 32977 (/Users/nedonion/Desktop/BackEnd/wiki/target/classes started by nedonion in /Users/nedonion/Desktop/BackEnd/wiki)
2022-02-04 14:55:47.356 INFO  com.jiacheng.wiki.config.WikiApplication          :660  [32m                  [0;39m No active profile set, falling back to default profiles: default
2022-02-04 14:55:47.399 INFO  o.s.b.d.env.DevToolsPropertyDefaultsPostProcessor :255  [32m                  [0;39m Devtools property defaults active! Set 'spring.devtools.add-properties' to 'false' to disable
2022-02-04 14:55:47.399 INFO  o.s.b.d.env.DevToolsPropertyDefaultsPostProcessor :255  [32m                  [0;39m For additional web related logging consider setting the 'logging.level.web' property to 'DEBUG'
2022-02-04 14:55:48.483 INFO  o.s.boot.web.embedded.tomcat.TomcatWebServer      :108  [32m                  [0;39m Tomcat initialized with port(s): 8090 (http)
2022-02-04 14:55:48.489 INFO  org.apache.coyote.http11.Http11NioProtocol        :173  [32m                  [0;39m Initializing ProtocolHandler ["http-nio-8090"]
2022-02-04 14:55:48.489 INFO  org.apache.catalina.core.StandardService          :173  [32m                  [0;39m Starting service [Tomcat]
2022-02-04 14:55:48.489 INFO  org.apache.catalina.core.StandardEngine           :173  [32m                  [0;39m Starting Servlet engine: [Apache Tomcat/9.0.39]
2022-02-04 14:55:48.533 INFO  o.a.c.core.ContainerBase.[Tomcat].[localhost].[/] :173  [32m                  [0;39m Initializing Spring embedded WebApplicationContext
2022-02-04 14:55:48.533 INFO  o.s.b.w.s.c.ServletWebServerApplicationContext    :289  [32m                  [0;39m Root WebApplicationContext: initialization completed in 1133 ms
2022-02-04 14:55:48.840 INFO  o.s.scheduling.concurrent.ThreadPoolTaskExecutor  :181  [32m                  [0;39m Initializing ExecutorService 'applicationTaskExecutor'
2022-02-04 14:55:49.011 WARN  o.s.b.d.autoconfigure.OptionalLiveReloadServer    :61   [32m                  [0;39m Unable to start LiveReload server
2022-02-04 14:55:49.028 INFO  org.apache.coyote.http11.Http11NioProtocol        :173  [32m                  [0;39m Starting ProtocolHandler ["http-nio-8090"]
2022-02-04 14:55:49.041 WARN  o.s.b.w.s.c.AnnotationConfigServletWebServerApplicationContext:596  [32m                  [0;39m Exception encountered during context initialization - cancelling refresh attempt: org.springframework.context.ApplicationContextException: Failed to start bean 'webServerStartStop'; nested exception is org.springframework.boot.web.server.PortInUseException: Port 8090 is already in use
2022-02-04 14:55:49.043 INFO  o.s.scheduling.concurrent.ThreadPoolTaskExecutor  :218  [32m                  [0;39m Shutting down ExecutorService 'applicationTaskExecutor'
2022-02-04 14:55:49.046 INFO  org.apache.coyote.http11.Http11NioProtocol        :173  [32m                  [0;39m Pausing ProtocolHandler ["http-nio-8090"]
2022-02-04 14:55:49.046 INFO  org.apache.catalina.core.StandardService          :173  [32m                  [0;39m Stopping service [Tomcat]
2022-02-04 14:55:49.050 INFO  org.apache.coyote.http11.Http11NioProtocol        :173  [32m                  [0;39m Stopping ProtocolHandler ["http-nio-8090"]
2022-02-04 14:55:49.050 INFO  org.apache.coyote.http11.Http11NioProtocol        :173  [32m                  [0;39m Destroying ProtocolHandler ["http-nio-8090"]
2022-02-04 14:55:49.057 INFO  o.s.b.a.l.ConditionEvaluationReportLoggingListener:136  [32m                  [0;39m 

Error starting ApplicationContext. To display the conditions report re-run your application with 'debug' enabled.
2022-02-04 14:55:49.067 ERROR o.s.b.diagnostics.LoggingFailureAnalysisReporter  :40   [32m                  [0;39m 

***************************
APPLICATION FAILED TO START
***************************

Description:

Web server failed to start. Port 8090 was already in use.

Action:

Identify and stop the process that's listening on port 8090 or configure this application to listen on another port.

2022-02-04 14:56:04.882 INFO  o.s.scheduling.concurrent.ThreadPoolTaskExecutor  :218  [32m                  [0;39m Shutting down ExecutorService 'applicationTaskExecutor'
2022-02-04 14:56:05.164 INFO  com.jiacheng.wiki.config.WikiApplication          :55   [32m                  [0;39m Starting WikiApplication using Java 1.8.0_322 on hujiachengdeMacBook-Pro.local with PID 20534 (/Users/nedonion/Desktop/BackEnd/wiki/target/classes started by nedonion in /Users/nedonion/Desktop/BackEnd/wiki)
2022-02-04 14:56:05.164 INFO  com.jiacheng.wiki.config.WikiApplication          :660  [32m                  [0;39m No active profile set, falling back to default profiles: default
2022-02-04 14:56:05.329 INFO  o.s.boot.web.embedded.tomcat.TomcatWebServer      :108  [32m                  [0;39m Tomcat initialized with port(s): 8880 (http)
2022-02-04 14:56:05.329 INFO  org.apache.coyote.http11.Http11NioProtocol        :173  [32m                  [0;39m Initializing ProtocolHandler ["http-nio-8880"]
2022-02-04 14:56:05.330 INFO  org.apache.catalina.core.StandardService          :173  [32m                  [0;39m Starting service [Tomcat]
2022-02-04 14:56:05.330 INFO  org.apache.catalina.core.StandardEngine           :173  [32m                  [0;39m Starting Servlet engine: [Apache Tomcat/9.0.39]
2022-02-04 14:56:05.335 INFO  o.a.c.core.ContainerBase.[Tomcat].[localhost].[/] :173  [32m                  [0;39m Initializing Spring embedded WebApplicationContext
2022-02-04 14:56:05.335 INFO  o.s.b.w.s.c.ServletWebServerApplicationContext    :289  [32m                  [0;39m Root WebApplicationContext: initialization completed in 168 ms
2022-02-04 14:56:05.402 INFO  o.s.scheduling.concurrent.ThreadPoolTaskExecutor  :181  [32m                  [0;39m Initializing ExecutorService 'applicationTaskExecutor'
2022-02-04 14:56:05.437 INFO  o.s.b.d.autoconfigure.OptionalLiveReloadServer    :58   [32m                  [0;39m LiveReload server is running on port 35729
2022-02-04 14:56:05.444 INFO  org.apache.coyote.http11.Http11NioProtocol        :173  [32m                  [0;39m Starting ProtocolHandler ["http-nio-8880"]
2022-02-04 14:56:05.445 INFO  o.s.boot.web.embedded.tomcat.TomcatWebServer      :220  [32m                  [0;39m Tomcat started on port(s): 8880 (http) with context path ''
2022-02-04 14:56:05.448 INFO  com.jiacheng.wiki.config.WikiApplication          :61   [32m                  [0;39m Started WikiApplication in 0.509 seconds (JVM running for 20678.838)
2022-02-04 14:56:05.449 INFO  o.s.b.d.a.ConditionEvaluationDeltaLoggingListener :63   [32m                  [0;39m Condition evaluation unchanged
2022-02-04 14:56:05.450 INFO  com.jiacheng.wiki.config.WikiApplication          :23   [32m                  [0;39m 启动成功！！
2022-02-04 14:56:05.450 INFO  com.jiacheng.wiki.config.WikiApplication          :24   [32m                  [0;39m 地址: 	http://127.0.0.1:8880
2022-02-04 14:57:44.810 INFO  com.jiacheng.wiki.config.WikiApplication          :55   [32m                  [0;39m Starting WikiApplication using Java 1.8.0_322 on hujiachengdeMacBook-Pro.local with PID 33056 (/Users/nedonion/Desktop/BackEnd/wiki/target/classes started by nedonion in /Users/nedonion/Desktop/BackEnd/wiki)
2022-02-04 14:57:44.812 INFO  com.jiacheng.wiki.config.WikiApplication          :660  [32m                  [0;39m No active profile set, falling back to default profiles: default
2022-02-04 14:57:44.859 INFO  o.s.b.d.env.DevToolsPropertyDefaultsPostProcessor :255  [32m                  [0;39m Devtools property defaults active! Set 'spring.devtools.add-properties' to 'false' to disable
2022-02-04 14:57:44.859 INFO  o.s.b.d.env.DevToolsPropertyDefaultsPostProcessor :255  [32m                  [0;39m For additional web related logging consider setting the 'logging.level.web' property to 'DEBUG'
2022-02-04 14:57:45.683 INFO  o.s.boot.web.embedded.tomcat.TomcatWebServer      :108  [32m                  [0;39m Tomcat initialized with port(s): 8880 (http)
2022-02-04 14:57:45.690 INFO  org.apache.coyote.http11.Http11NioProtocol        :173  [32m                  [0;39m Initializing ProtocolHandler ["http-nio-8880"]
2022-02-04 14:57:45.691 INFO  org.apache.catalina.core.StandardService          :173  [32m                  [0;39m Starting service [Tomcat]
2022-02-04 14:57:45.691 INFO  org.apache.catalina.core.StandardEngine           :173  [32m                  [0;39m Starting Servlet engine: [Apache Tomcat/9.0.39]
2022-02-04 14:57:45.727 INFO  o.a.c.core.ContainerBase.[Tomcat].[localhost].[/] :173  [32m                  [0;39m Initializing Spring embedded WebApplicationContext
2022-02-04 14:57:45.728 INFO  o.s.b.w.s.c.ServletWebServerApplicationContext    :289  [32m                  [0;39m Root WebApplicationContext: initialization completed in 868 ms
2022-02-04 14:57:46.060 INFO  o.s.scheduling.concurrent.ThreadPoolTaskExecutor  :181  [32m                  [0;39m Initializing ExecutorService 'applicationTaskExecutor'
2022-02-04 14:57:46.272 INFO  o.s.b.d.autoconfigure.OptionalLiveReloadServer    :58   [32m                  [0;39m LiveReload server is running on port 35729
2022-02-04 14:57:46.285 INFO  org.apache.coyote.http11.Http11NioProtocol        :173  [32m                  [0;39m Starting ProtocolHandler ["http-nio-8880"]
2022-02-04 14:57:46.308 INFO  o.s.boot.web.embedded.tomcat.TomcatWebServer      :220  [32m                  [0;39m Tomcat started on port(s): 8880 (http) with context path ''
2022-02-04 14:57:46.320 INFO  com.jiacheng.wiki.config.WikiApplication          :61   [32m                  [0;39m Started WikiApplication in 1.845 seconds (JVM running for 2.632)
2022-02-04 14:57:46.323 INFO  com.jiacheng.wiki.config.WikiApplication          :23   [32m                  [0;39m 启动成功！！
2022-02-04 14:57:46.323 INFO  com.jiacheng.wiki.config.WikiApplication          :24   [32m                  [0;39m 地址: 	http://127.0.0.1:8880
2022-02-04 14:57:54.378 INFO  o.a.c.core.ContainerBase.[Tomcat].[localhost].[/] :173  [32m                  [0;39m Initializing Spring DispatcherServlet 'dispatcherServlet'
2022-02-04 14:57:54.378 INFO  org.springframework.web.servlet.DispatcherServlet :525  [32m                  [0;39m Initializing Servlet 'dispatcherServlet'
2022-02-04 14:57:54.380 INFO  org.springframework.web.servlet.DispatcherServlet :547  [32m                  [0;39m Completed initialization in 1 ms
2022-02-04 14:57:54.386 INFO  com.jiacheng.wiki.filter.LogFilter                :25   [32m                  [0;39m ------------- LogFilter 开始 -------------
2022-02-04 14:57:54.386 INFO  com.jiacheng.wiki.filter.LogFilter                :26   [32m                  [0;39m 请求地址: http://localhost:8880/demo/list GET
2022-02-04 14:57:54.387 INFO  com.jiacheng.wiki.filter.LogFilter                :27   [32m                  [0;39m 远程地址: 127.0.0.1
2022-02-04 14:57:54.437 INFO  com.zaxxer.hikari.HikariDataSource                :110  [32m                  [0;39m HikariPool-1 - Starting...
2022-02-04 14:57:57.563 INFO  com.zaxxer.hikari.HikariDataSource                :123  [32m                  [0;39m HikariPool-1 - Start completed.
2022-02-04 14:57:57.976 INFO  com.jiacheng.wiki.filter.LogFilter                :31   [32m                  [0;39m ------------- LogFilter 结束 耗时：3589 ms -------------
2022-02-04 14:59:42.042 INFO  o.s.scheduling.concurrent.ThreadPoolTaskExecutor  :218  [32m                  [0;39m Shutting down ExecutorService 'applicationTaskExecutor'
2022-02-04 14:59:42.046 INFO  com.zaxxer.hikari.HikariDataSource                :350  [32m                  [0;39m HikariPool-1 - Shutdown initiated...
2022-02-04 14:59:42.058 INFO  com.zaxxer.hikari.HikariDataSource                :352  [32m                  [0;39m HikariPool-1 - Shutdown completed.
